1709295481625:add
1709295507787:add ivan lobov 22
1709295542008:print
1709295617449:del af8dd536-97b5-4231-a7fd-2b9bc73be10d
1709295658688:print
1709295683865:eee
1709296111654:Ivan Petrov 33 add
1709296129789:Ivan Petrov 33add
1709296132801:Ivan Petrov 33
1709296147927:Ivan Petrov 33 add Ivan Petrov 33
1709296184204:add Ivan Petrov 33
1709296229605:add Mark Ivanov 56
1709296236658:print
1709301801660:start
1709302097899:print
1709388450559:add tttyyyy 33
1709388467717:add 3332 tttt 55
1709388474776:print
1709450323861:add ww www 34
1709452122498:print
1709452766080:cleare
1709452777170:clear
1709452789278:print
1709452832557:clear
1709452843607:print
1709453063649:clear
1709453070666:print
1709453389708:clear
1709453510276:delAll
1709453643716:print
1709453733830:delAll
1709453742888:print
1709453793633:delAll
1709453801677:print
1709455621726:delAll
1709460369357:print
1709460558948:del c9c1dbb6-a2b8-4627-b209-80d0cc2799a1
1709462207294:print
1709462222430:del 7dab891b-919e-421b-8eb0-39a702fea833
1709462684385:print
1709462703559:del 1e7ffafe-a4ed-4745-91b9-9830ab541253
1709463647177:print
1709463676446:add Miha kim 56
1709463719778:dell 73e6503a-7803-4e75-9cee-2744c543bdc7
1709463728837:del 73e6503a-7803-4e75-9cee-2744c543bdc7
1709463746956:print
1709463760055:delAll
1709463766096:print
